load npy from dist...
*************************************************
user config:
vocab_size => 50001
word_dim => 200
r_max_len => 202
u_max_r => 13
i_max_r => 24
train_data_size => 51764
test_data_size => 6471
val_data_size => 6471
user_num => 5543
item_num => 3570
batch_size => 64
print_step => 100
*************************************************
load model: ./checkpoints/DeepCoNN_Digital_Music_data_default_GridBEST.pth
loading test data
2024-11-08 15:11:53.270114: test in the test dataset
Valore di Recall [ 105.30809190809191 ]
Valore di Media Recall [ 0.037422918233152774 ]
Valore di Precisione Media [ 0.006751954513148545 ]
Valore di Hit Rate Media [ 0.06183368869936034 ]
Valore di AUC Media [ 0.03213312688259384 ]
